10/04/2018 08:51:24 PM: Namespace(audio='billy', fraction_to_drop=0.5, k=60, num_samples=144, r=12, speed_over_accuracy=1)
10/04/2018 08:51:24 PM: num_cores:
10/04/2018 08:51:24 PM: 72
10/04/2018 08:51:24 PM: Parallelize sampling.
10/04/2018 08:51:24 PM: The signal length is 333040: 
10/04/2018 08:51:24 PM: The number of frames 'K' is 650: 
10/04/2018 08:51:24 PM: The length of each frame 'L' is 512: 
10/04/2018 08:51:25 PM: START
10/04/2018 08:51:25 PM: [0.0, 'ground set remaining:', 27712, 'size of current solution:', 0]
10/04/2018 08:51:27 PM: [54.00124328880821, 'ground set remaining:', 27707, 'size of current solution:', 5]
10/04/2018 08:51:29 PM: [103.94610954905184, 'ground set remaining:', 27702, 'size of current solution:', 10]
10/04/2018 08:51:31 PM: [149.933427698214, 'ground set remaining:', 27697, 'size of current solution:', 15]
10/04/2018 08:51:33 PM: [193.89007227740564, 'ground set remaining:', 27692, 'size of current solution:', 20]
10/04/2018 08:51:35 PM: [239.77969699009412, 'ground set remaining:', 27687, 'size of current solution:', 25]
10/04/2018 08:51:37 PM: [283.07352003790754, 'ground set remaining:', 27682, 'size of current solution:', 30]
10/04/2018 08:51:39 PM: [325.71211422142653, 'ground set remaining:', 27677, 'size of current solution:', 35]
10/04/2018 08:51:41 PM: [367.3542673418457, 'ground set remaining:', 27672, 'size of current solution:', 40]
10/04/2018 08:51:43 PM: [408.0470930090187, 'ground set remaining:', 27667, 'size of current solution:', 45]
10/04/2018 08:51:45 PM: [448.40280594067247, 'ground set remaining:', 27662, 'size of current solution:', 50]
10/04/2018 08:51:48 PM: [487.6433299779113, 'ground set remaining:', 27657, 'size of current solution:', 55]
10/04/2018 08:51:50 PM: The signal length is 333040: 
10/04/2018 08:51:50 PM: The number of frames 'K' is 650: 
10/04/2018 08:51:50 PM: The length of each frame 'L' is 512: 
10/04/2018 08:51:50 PM: START
10/04/2018 08:51:51 PM: [0.0, 'ground set remaining:', 27712, 'size of current solution:', 0]
10/04/2018 08:51:53 PM: [52.75549673966326, 'ground set remaining:', 27707, 'size of current solution:', 5]
10/04/2018 08:51:56 PM: [103.89469653448126, 'ground set remaining:', 27702, 'size of current solution:', 10]
10/04/2018 08:51:58 PM: [148.66894680533107, 'ground set remaining:', 27697, 'size of current solution:', 15]
10/04/2018 08:52:01 PM: [192.7781566085618, 'ground set remaining:', 27692, 'size of current solution:', 20]
10/04/2018 08:52:03 PM: [235.75383526933024, 'ground set remaining:', 27687, 'size of current solution:', 25]
10/04/2018 08:52:06 PM: [278.06346117038714, 'ground set remaining:', 27682, 'size of current solution:', 30]
10/04/2018 08:52:08 PM: [318.7893587698526, 'ground set remaining:', 27677, 'size of current solution:', 35]
10/04/2018 08:52:11 PM: [358.934883922729, 'ground set remaining:', 27672, 'size of current solution:', 40]
10/04/2018 08:52:13 PM: [398.2705294797822, 'ground set remaining:', 27667, 'size of current solution:', 45]
10/04/2018 08:52:16 PM: [437.59480546144357, 'ground set remaining:', 27662, 'size of current solution:', 50]
10/04/2018 08:52:19 PM: [476.02432376226375, 'ground set remaining:', 27657, 'size of current solution:', 55]
10/04/2018 08:52:21 PM: The signal length is 333040: 
10/04/2018 08:52:21 PM: The number of frames 'K' is 650: 
10/04/2018 08:52:21 PM: The length of each frame 'L' is 512: 
10/04/2018 08:52:22 PM: START
10/04/2018 08:52:22 PM: [0.0, 'ground set remaining:', 27712, 'size of current solution:', 0]
10/04/2018 08:52:24 PM: [54.67362791420295, 'ground set remaining:', 27707, 'size of current solution:', 5]
10/04/2018 08:52:27 PM: [101.47424448963014, 'ground set remaining:', 27702, 'size of current solution:', 10]
10/04/2018 08:52:30 PM: [146.3688700802561, 'ground set remaining:', 27697, 'size of current solution:', 15]
10/04/2018 08:52:32 PM: [190.6297009242905, 'ground set remaining:', 27692, 'size of current solution:', 20]
10/04/2018 08:52:34 PM: [234.2745916598763, 'ground set remaining:', 27687, 'size of current solution:', 25]
10/04/2018 08:52:37 PM: [275.8701455156168, 'ground set remaining:', 27682, 'size of current solution:', 30]
10/04/2018 08:52:39 PM: [316.43153441942866, 'ground set remaining:', 27677, 'size of current solution:', 35]
10/04/2018 08:52:42 PM: [356.6713491494503, 'ground set remaining:', 27672, 'size of current solution:', 40]
10/04/2018 08:52:44 PM: [396.3393101110137, 'ground set remaining:', 27667, 'size of current solution:', 45]
10/04/2018 08:52:47 PM: [435.70541048332484, 'ground set remaining:', 27662, 'size of current solution:', 50]
10/04/2018 08:52:49 PM: [475.14618803309213, 'ground set remaining:', 27657, 'size of current solution:', 55]
10/04/2018 08:52:52 PM: The signal length is 333040: 
10/04/2018 08:52:52 PM: The number of frames 'K' is 650: 
10/04/2018 08:52:52 PM: The length of each frame 'L' is 512: 
10/04/2018 08:52:53 PM: START
10/04/2018 08:52:53 PM: [0.0, 'ground set remaining:', 27712, 'size of current solution:', 0]
10/04/2018 08:52:55 PM: [52.813551111790474, 'ground set remaining:', 27707, 'size of current solution:', 5]
10/04/2018 08:52:58 PM: [101.84380017233602, 'ground set remaining:', 27702, 'size of current solution:', 10]
10/04/2018 08:53:01 PM: [146.62775129440038, 'ground set remaining:', 27697, 'size of current solution:', 15]
10/04/2018 08:53:03 PM: [190.66549131915787, 'ground set remaining:', 27692, 'size of current solution:', 20]
10/04/2018 08:53:06 PM: [235.7088221131881, 'ground set remaining:', 27687, 'size of current solution:', 25]
10/04/2018 08:53:08 PM: [277.9703286187458, 'ground set remaining:', 27682, 'size of current solution:', 30]
10/04/2018 08:53:11 PM: [317.522849413902, 'ground set remaining:', 27677, 'size of current solution:', 35]
10/04/2018 08:53:14 PM: [361.08468447231394, 'ground set remaining:', 27672, 'size of current solution:', 40]
10/04/2018 08:53:16 PM: [400.1194713404499, 'ground set remaining:', 27667, 'size of current solution:', 45]
10/04/2018 08:53:19 PM: [443.51719351260635, 'ground set remaining:', 27662, 'size of current solution:', 50]
10/04/2018 08:53:21 PM: [482.0446040233943, 'ground set remaining:', 27657, 'size of current solution:', 55]
10/04/2018 08:53:24 PM: STOP
