10/04/2018 08:33:42 PM: Namespace(audio='billy', fraction_to_drop=0.5, k=60, num_samples=180, r=20, speed_over_accuracy=1)
10/04/2018 08:33:42 PM: num_cores:
10/04/2018 08:33:42 PM: 72
10/04/2018 08:33:42 PM: Parallelize sampling.
10/04/2018 08:33:42 PM: The signal length is 25858: 
10/04/2018 08:33:42 PM: The number of frames 'K' is 50: 
10/04/2018 08:33:42 PM: The length of each frame 'L' is 512: 
10/04/2018 08:33:43 PM: START
10/04/2018 08:33:43 PM: [0.0, 'ground set remaining:', 2114, 'size of current solution:', 0]
10/04/2018 08:33:43 PM: [30.350804600262222, 'ground set remaining:', 2111, 'size of current solution:', 3]
10/04/2018 08:33:44 PM: [56.58525895037573, 'ground set remaining:', 2108, 'size of current solution:', 6]
10/04/2018 08:33:44 PM: [83.14439454659308, 'ground set remaining:', 2105, 'size of current solution:', 9]
10/04/2018 08:33:45 PM: [107.43735936468298, 'ground set remaining:', 2102, 'size of current solution:', 12]
10/04/2018 08:33:46 PM: [129.56643458825815, 'ground set remaining:', 2099, 'size of current solution:', 15]
10/04/2018 08:33:46 PM: [152.1417762181237, 'ground set remaining:', 2096, 'size of current solution:', 18]
10/04/2018 08:33:47 PM: [174.90800166359628, 'ground set remaining:', 2093, 'size of current solution:', 21]
10/04/2018 08:33:48 PM: [196.5264033019788, 'ground set remaining:', 2090, 'size of current solution:', 24]
10/04/2018 08:33:48 PM: [218.6382293760759, 'ground set remaining:', 2087, 'size of current solution:', 27]
10/04/2018 08:33:49 PM: [240.36424941599796, 'ground set remaining:', 2084, 'size of current solution:', 30]
10/04/2018 08:33:50 PM: [263.12424146893113, 'ground set remaining:', 2081, 'size of current solution:', 33]
10/04/2018 08:33:50 PM: [285.53123221542376, 'ground set remaining:', 2078, 'size of current solution:', 36]
10/04/2018 08:33:51 PM: [306.653216341668, 'ground set remaining:', 2075, 'size of current solution:', 39]
10/04/2018 08:33:52 PM: [327.59884207466666, 'ground set remaining:', 2072, 'size of current solution:', 42]
10/04/2018 08:33:52 PM: [348.8608643237317, 'ground set remaining:', 2069, 'size of current solution:', 45]
10/04/2018 08:33:53 PM: [370.02018383405766, 'ground set remaining:', 2066, 'size of current solution:', 48]
10/04/2018 08:33:54 PM: [391.4052946356435, 'ground set remaining:', 2063, 'size of current solution:', 51]
10/04/2018 08:33:54 PM: [412.5396657093993, 'ground set remaining:', 2060, 'size of current solution:', 54]
10/04/2018 08:33:55 PM: [433.66906484571916, 'ground set remaining:', 2057, 'size of current solution:', 57]
10/04/2018 08:33:56 PM: The signal length is 25858: 
10/04/2018 08:33:56 PM: The number of frames 'K' is 50: 
10/04/2018 08:33:56 PM: The length of each frame 'L' is 512: 
10/04/2018 08:33:56 PM: START
10/04/2018 08:33:56 PM: [0.0, 'ground set remaining:', 2114, 'size of current solution:', 0]
10/04/2018 08:33:56 PM: [35.55170694805945, 'ground set remaining:', 2111, 'size of current solution:', 3]
10/04/2018 08:33:57 PM: [69.25237730489333, 'ground set remaining:', 2108, 'size of current solution:', 6]
10/04/2018 08:33:58 PM: [102.03624612528822, 'ground set remaining:', 2105, 'size of current solution:', 9]
10/04/2018 08:33:59 PM: [132.73018430052335, 'ground set remaining:', 2102, 'size of current solution:', 12]
10/04/2018 08:33:59 PM: [161.85318999100667, 'ground set remaining:', 2099, 'size of current solution:', 15]
10/04/2018 08:34:00 PM: [192.4633965980007, 'ground set remaining:', 2096, 'size of current solution:', 18]
10/04/2018 08:34:01 PM: [222.24013496739576, 'ground set remaining:', 2093, 'size of current solution:', 21]
10/04/2018 08:34:02 PM: [251.2333262336681, 'ground set remaining:', 2090, 'size of current solution:', 24]
10/04/2018 08:34:03 PM: [278.90894713643866, 'ground set remaining:', 2087, 'size of current solution:', 27]
10/04/2018 08:34:03 PM: [309.5731577816046, 'ground set remaining:', 2084, 'size of current solution:', 30]
10/04/2018 08:34:04 PM: [336.9759458292673, 'ground set remaining:', 2081, 'size of current solution:', 33]
10/04/2018 08:34:05 PM: [364.6497153840352, 'ground set remaining:', 2078, 'size of current solution:', 36]
10/04/2018 08:34:06 PM: [392.4089803674369, 'ground set remaining:', 2075, 'size of current solution:', 39]
10/04/2018 08:34:06 PM: [421.4836322896098, 'ground set remaining:', 2072, 'size of current solution:', 42]
10/04/2018 08:34:07 PM: [448.9046859176168, 'ground set remaining:', 2069, 'size of current solution:', 45]
10/04/2018 08:34:08 PM: [474.84297350457973, 'ground set remaining:', 2066, 'size of current solution:', 48]
10/04/2018 08:34:09 PM: [501.49955569623296, 'ground set remaining:', 2063, 'size of current solution:', 51]
10/04/2018 08:34:09 PM: [527.752703752676, 'ground set remaining:', 2060, 'size of current solution:', 54]
10/04/2018 08:34:10 PM: [553.5730278286154, 'ground set remaining:', 2057, 'size of current solution:', 57]
10/04/2018 08:34:11 PM: The signal length is 25857: 
10/04/2018 08:34:11 PM: The number of frames 'K' is 50: 
10/04/2018 08:34:11 PM: The length of each frame 'L' is 512: 
10/04/2018 08:34:11 PM: START
10/04/2018 08:34:11 PM: [0.0, 'ground set remaining:', 2114, 'size of current solution:', 0]
10/04/2018 08:34:12 PM: [37.212034701861114, 'ground set remaining:', 2111, 'size of current solution:', 3]
10/04/2018 08:34:13 PM: [72.05142682662192, 'ground set remaining:', 2108, 'size of current solution:', 6]
10/04/2018 08:34:13 PM: [104.4846361915087, 'ground set remaining:', 2105, 'size of current solution:', 9]
10/04/2018 08:34:14 PM: [135.92173429486763, 'ground set remaining:', 2102, 'size of current solution:', 12]
10/04/2018 08:34:15 PM: [166.1602605164262, 'ground set remaining:', 2099, 'size of current solution:', 15]
10/04/2018 08:34:16 PM: [195.98848095666744, 'ground set remaining:', 2096, 'size of current solution:', 18]
10/04/2018 08:34:17 PM: [225.61795133786796, 'ground set remaining:', 2093, 'size of current solution:', 21]
10/04/2018 08:34:18 PM: [253.3200065211837, 'ground set remaining:', 2090, 'size of current solution:', 24]
10/04/2018 08:34:18 PM: [282.35668557781275, 'ground set remaining:', 2087, 'size of current solution:', 27]
10/04/2018 08:34:19 PM: [312.10014251822446, 'ground set remaining:', 2084, 'size of current solution:', 30]
10/04/2018 08:34:20 PM: [339.789236727299, 'ground set remaining:', 2081, 'size of current solution:', 33]
10/04/2018 08:34:21 PM: [368.19815475487724, 'ground set remaining:', 2078, 'size of current solution:', 36]
10/04/2018 08:34:22 PM: [395.6712668016627, 'ground set remaining:', 2075, 'size of current solution:', 39]
10/04/2018 08:34:22 PM: [423.9521634252842, 'ground set remaining:', 2072, 'size of current solution:', 42]
10/04/2018 08:34:23 PM: [451.9896646774564, 'ground set remaining:', 2069, 'size of current solution:', 45]
10/04/2018 08:34:24 PM: [478.96263918748537, 'ground set remaining:', 2066, 'size of current solution:', 48]
10/04/2018 08:34:25 PM: [505.69108085056064, 'ground set remaining:', 2063, 'size of current solution:', 51]
10/04/2018 08:34:25 PM: [533.3026200573653, 'ground set remaining:', 2060, 'size of current solution:', 54]
10/04/2018 08:34:26 PM: [560.5293493917166, 'ground set remaining:', 2057, 'size of current solution:', 57]
10/04/2018 08:34:27 PM: The signal length is 25857: 
10/04/2018 08:34:27 PM: The number of frames 'K' is 50: 
10/04/2018 08:34:27 PM: The length of each frame 'L' is 512: 
10/04/2018 08:34:27 PM: START
10/04/2018 08:34:27 PM: [0.0, 'ground set remaining:', 2114, 'size of current solution:', 0]
10/04/2018 08:34:28 PM: [35.89230240546692, 'ground set remaining:', 2111, 'size of current solution:', 3]
10/04/2018 08:34:29 PM: [70.65660033030655, 'ground set remaining:', 2108, 'size of current solution:', 6]
10/04/2018 08:34:30 PM: [103.06642580222574, 'ground set remaining:', 2105, 'size of current solution:', 9]
10/04/2018 08:34:31 PM: [134.90290492659977, 'ground set remaining:', 2102, 'size of current solution:', 12]
10/04/2018 08:34:31 PM: [165.17751059738728, 'ground set remaining:', 2099, 'size of current solution:', 15]
10/04/2018 08:34:32 PM: [195.01082170882128, 'ground set remaining:', 2096, 'size of current solution:', 18]
10/04/2018 08:34:33 PM: [224.43830046522822, 'ground set remaining:', 2093, 'size of current solution:', 21]
10/04/2018 08:34:34 PM: [254.05790340947283, 'ground set remaining:', 2090, 'size of current solution:', 24]
10/04/2018 08:34:35 PM: [283.03816481630486, 'ground set remaining:', 2087, 'size of current solution:', 27]
10/04/2018 08:34:36 PM: [310.66388790546733, 'ground set remaining:', 2084, 'size of current solution:', 30]
10/04/2018 08:34:36 PM: [339.74437531373616, 'ground set remaining:', 2081, 'size of current solution:', 33]
10/04/2018 08:34:37 PM: [367.6446357738271, 'ground set remaining:', 2078, 'size of current solution:', 36]
10/04/2018 08:34:38 PM: [394.9721794678318, 'ground set remaining:', 2075, 'size of current solution:', 39]
10/04/2018 08:34:39 PM: [422.5867685690183, 'ground set remaining:', 2072, 'size of current solution:', 42]
10/04/2018 08:34:40 PM: [450.0785008449742, 'ground set remaining:', 2069, 'size of current solution:', 45]
10/04/2018 08:34:41 PM: [477.74520865443014, 'ground set remaining:', 2066, 'size of current solution:', 48]
10/04/2018 08:34:42 PM: [504.2377262628838, 'ground set remaining:', 2063, 'size of current solution:', 51]
10/04/2018 08:34:42 PM: [531.0159009692932, 'ground set remaining:', 2060, 'size of current solution:', 54]
10/04/2018 08:34:43 PM: [558.1983876200972, 'ground set remaining:', 2057, 'size of current solution:', 57]
10/04/2018 08:34:44 PM: STOP
