10/04/2018 08:32:39 PM: Namespace(audio='call', fraction_to_drop=0.5, k=60, num_samples=180, r=20, speed_over_accuracy=1)
10/04/2018 08:32:39 PM: num_cores:
10/04/2018 08:32:39 PM: 72
10/04/2018 08:32:39 PM: Parallelize sampling.
10/04/2018 08:32:39 PM: The signal length is 25858: 
10/04/2018 08:32:39 PM: The number of frames 'K' is 50: 
10/04/2018 08:32:39 PM: The length of each frame 'L' is 512: 
10/04/2018 08:32:39 PM: START
10/04/2018 08:32:39 PM: [0.0, 'ground set remaining:', 2114, 'size of current solution:', 0]
10/04/2018 08:32:40 PM: [30.991610689322997, 'ground set remaining:', 2111, 'size of current solution:', 3]
10/04/2018 08:32:40 PM: [57.48279389786531, 'ground set remaining:', 2108, 'size of current solution:', 6]
10/04/2018 08:32:41 PM: [81.92481904290389, 'ground set remaining:', 2105, 'size of current solution:', 9]
10/04/2018 08:32:42 PM: [105.39957617293257, 'ground set remaining:', 2102, 'size of current solution:', 12]
10/04/2018 08:32:42 PM: [128.86954886458858, 'ground set remaining:', 2099, 'size of current solution:', 15]
10/04/2018 08:32:43 PM: [151.07665634169348, 'ground set remaining:', 2096, 'size of current solution:', 18]
10/04/2018 08:32:44 PM: [172.99978858706464, 'ground set remaining:', 2093, 'size of current solution:', 21]
10/04/2018 08:32:44 PM: [194.98065499457743, 'ground set remaining:', 2090, 'size of current solution:', 24]
10/04/2018 08:32:45 PM: [216.70214616828952, 'ground set remaining:', 2087, 'size of current solution:', 27]
10/04/2018 08:32:46 PM: [238.27104585072533, 'ground set remaining:', 2084, 'size of current solution:', 30]
10/04/2018 08:32:46 PM: [259.6759599678146, 'ground set remaining:', 2081, 'size of current solution:', 33]
10/04/2018 08:32:47 PM: [281.4836847903939, 'ground set remaining:', 2078, 'size of current solution:', 36]
10/04/2018 08:32:47 PM: [303.35748526294356, 'ground set remaining:', 2075, 'size of current solution:', 39]
10/04/2018 08:32:48 PM: [325.2006777891909, 'ground set remaining:', 2072, 'size of current solution:', 42]
10/04/2018 08:32:49 PM: [347.1156907841888, 'ground set remaining:', 2069, 'size of current solution:', 45]
10/04/2018 08:32:49 PM: [368.47034217721966, 'ground set remaining:', 2066, 'size of current solution:', 48]
10/04/2018 08:32:50 PM: [390.16786276880055, 'ground set remaining:', 2063, 'size of current solution:', 51]
10/04/2018 08:32:51 PM: [411.2764978315066, 'ground set remaining:', 2060, 'size of current solution:', 54]
10/04/2018 08:32:51 PM: [432.79987762506573, 'ground set remaining:', 2057, 'size of current solution:', 57]
10/04/2018 08:32:52 PM: The signal length is 25858: 
10/04/2018 08:32:52 PM: The number of frames 'K' is 50: 
10/04/2018 08:32:52 PM: The length of each frame 'L' is 512: 
10/04/2018 08:32:52 PM: START
10/04/2018 08:32:52 PM: [0.0, 'ground set remaining:', 2114, 'size of current solution:', 0]
10/04/2018 08:32:53 PM: [33.29451594332065, 'ground set remaining:', 2111, 'size of current solution:', 3]
10/04/2018 08:32:54 PM: [67.56218932183674, 'ground set remaining:', 2108, 'size of current solution:', 6]
10/04/2018 08:32:54 PM: [98.00506946153602, 'ground set remaining:', 2105, 'size of current solution:', 9]
10/04/2018 08:32:55 PM: [130.04314742111202, 'ground set remaining:', 2102, 'size of current solution:', 12]
10/04/2018 08:32:56 PM: [160.66745922802534, 'ground set remaining:', 2099, 'size of current solution:', 15]
10/04/2018 08:32:57 PM: [190.38132822366418, 'ground set remaining:', 2096, 'size of current solution:', 18]
10/04/2018 08:32:58 PM: [217.85710153520438, 'ground set remaining:', 2093, 'size of current solution:', 21]
10/04/2018 08:32:58 PM: [247.49284117578588, 'ground set remaining:', 2090, 'size of current solution:', 24]
10/04/2018 08:32:59 PM: [275.1816863985961, 'ground set remaining:', 2087, 'size of current solution:', 27]
10/04/2018 08:33:00 PM: [303.5310510809505, 'ground set remaining:', 2084, 'size of current solution:', 30]
10/04/2018 08:33:01 PM: [330.97473537603435, 'ground set remaining:', 2081, 'size of current solution:', 33]
10/04/2018 08:33:01 PM: [357.5768904115821, 'ground set remaining:', 2078, 'size of current solution:', 36]
10/04/2018 08:33:02 PM: [383.9464065871531, 'ground set remaining:', 2075, 'size of current solution:', 39]
10/04/2018 08:33:03 PM: [411.0400501219881, 'ground set remaining:', 2072, 'size of current solution:', 42]
10/04/2018 08:33:04 PM: [437.10381909778596, 'ground set remaining:', 2069, 'size of current solution:', 45]
10/04/2018 08:33:05 PM: [463.5982680899698, 'ground set remaining:', 2066, 'size of current solution:', 48]
10/04/2018 08:33:05 PM: [488.96193887932054, 'ground set remaining:', 2063, 'size of current solution:', 51]
10/04/2018 08:33:06 PM: [514.8356500778525, 'ground set remaining:', 2060, 'size of current solution:', 54]
10/04/2018 08:33:07 PM: [540.6583204168135, 'ground set remaining:', 2057, 'size of current solution:', 57]
10/04/2018 08:33:08 PM: The signal length is 25857: 
10/04/2018 08:33:08 PM: The number of frames 'K' is 50: 
10/04/2018 08:33:08 PM: The length of each frame 'L' is 512: 
10/04/2018 08:33:08 PM: START
10/04/2018 08:33:08 PM: [0.0, 'ground set remaining:', 2114, 'size of current solution:', 0]
10/04/2018 08:33:09 PM: [37.84854368062729, 'ground set remaining:', 2111, 'size of current solution:', 3]
10/04/2018 08:33:10 PM: [71.16074837132962, 'ground set remaining:', 2108, 'size of current solution:', 6]
10/04/2018 08:33:10 PM: [103.78275092812616, 'ground set remaining:', 2105, 'size of current solution:', 9]
10/04/2018 08:33:11 PM: [135.99237856236618, 'ground set remaining:', 2102, 'size of current solution:', 12]
10/04/2018 08:33:12 PM: [168.018537415151, 'ground set remaining:', 2099, 'size of current solution:', 15]
10/04/2018 08:33:13 PM: [197.9299287292417, 'ground set remaining:', 2096, 'size of current solution:', 18]
10/04/2018 08:33:14 PM: [227.13200477043773, 'ground set remaining:', 2093, 'size of current solution:', 21]
10/04/2018 08:33:14 PM: [255.88562430818894, 'ground set remaining:', 2090, 'size of current solution:', 24]
10/04/2018 08:33:15 PM: [284.773857752526, 'ground set remaining:', 2087, 'size of current solution:', 27]
10/04/2018 08:33:16 PM: [312.9500236500192, 'ground set remaining:', 2084, 'size of current solution:', 30]
10/04/2018 08:33:17 PM: [340.16794080282926, 'ground set remaining:', 2081, 'size of current solution:', 33]
10/04/2018 08:33:18 PM: [367.61875665886214, 'ground set remaining:', 2078, 'size of current solution:', 36]
10/04/2018 08:33:19 PM: [394.97972599475236, 'ground set remaining:', 2075, 'size of current solution:', 39]
10/04/2018 08:33:19 PM: [422.26274506366974, 'ground set remaining:', 2072, 'size of current solution:', 42]
10/04/2018 08:33:20 PM: [449.8645526583199, 'ground set remaining:', 2069, 'size of current solution:', 45]
10/04/2018 08:33:21 PM: [476.96180439420857, 'ground set remaining:', 2066, 'size of current solution:', 48]
10/04/2018 08:33:22 PM: [504.1808004653308, 'ground set remaining:', 2063, 'size of current solution:', 51]
10/04/2018 08:33:23 PM: [530.3442233669186, 'ground set remaining:', 2060, 'size of current solution:', 54]
10/04/2018 08:33:23 PM: [557.3411180873676, 'ground set remaining:', 2057, 'size of current solution:', 57]
10/04/2018 08:33:24 PM: The signal length is 25857: 
10/04/2018 08:33:24 PM: The number of frames 'K' is 50: 
10/04/2018 08:33:24 PM: The length of each frame 'L' is 512: 
10/04/2018 08:33:24 PM: START
10/04/2018 08:33:24 PM: [0.0, 'ground set remaining:', 2114, 'size of current solution:', 0]
10/04/2018 08:33:25 PM: [34.94110490372794, 'ground set remaining:', 2111, 'size of current solution:', 3]
10/04/2018 08:33:26 PM: [68.90175278462539, 'ground set remaining:', 2108, 'size of current solution:', 6]
10/04/2018 08:33:27 PM: [101.7786253422608, 'ground set remaining:', 2105, 'size of current solution:', 9]
10/04/2018 08:33:28 PM: [134.03881116376922, 'ground set remaining:', 2102, 'size of current solution:', 12]
10/04/2018 08:33:29 PM: [164.42690418256453, 'ground set remaining:', 2099, 'size of current solution:', 15]
10/04/2018 08:33:29 PM: [195.39125703505786, 'ground set remaining:', 2096, 'size of current solution:', 18]
10/04/2018 08:33:30 PM: [225.66324962445418, 'ground set remaining:', 2093, 'size of current solution:', 21]
10/04/2018 08:33:31 PM: [255.31738655196796, 'ground set remaining:', 2090, 'size of current solution:', 24]
10/04/2018 08:33:32 PM: [283.80147773357163, 'ground set remaining:', 2087, 'size of current solution:', 27]
10/04/2018 08:33:33 PM: [312.23017317910217, 'ground set remaining:', 2084, 'size of current solution:', 30]
10/04/2018 08:33:34 PM: [340.38771734189726, 'ground set remaining:', 2081, 'size of current solution:', 33]
10/04/2018 08:33:35 PM: [369.78038989554807, 'ground set remaining:', 2078, 'size of current solution:', 36]
10/04/2018 08:33:35 PM: [397.57505503950097, 'ground set remaining:', 2075, 'size of current solution:', 39]
10/04/2018 08:33:36 PM: [425.0478913376937, 'ground set remaining:', 2072, 'size of current solution:', 42]
10/04/2018 08:33:37 PM: [452.0329060481537, 'ground set remaining:', 2069, 'size of current solution:', 45]
10/04/2018 08:33:38 PM: [478.83113249285077, 'ground set remaining:', 2066, 'size of current solution:', 48]
10/04/2018 08:33:39 PM: [505.58780080763984, 'ground set remaining:', 2063, 'size of current solution:', 51]
10/04/2018 08:33:40 PM: [532.4442586349899, 'ground set remaining:', 2060, 'size of current solution:', 54]
10/04/2018 08:33:41 PM: [559.0594772786206, 'ground set remaining:', 2057, 'size of current solution:', 57]
10/04/2018 08:33:41 PM: STOP
